<?xml version="1.0" encoding="UTF-8"?>
<testng-results ignored="0" total="2" passed="2" failed="0" skipped="0">
  <reporter-output>
    <line>
      <![CDATA[<table style='width: 100%;'>]]>
    </line>
    <line>
      <![CDATA[<tr><th colspan="3">Step: Start App</th></tr>]]>
    </line>
    <line>
      <![CDATA[<tr>]]>
    </line>
    <line>
      <![CDATA[<td style='width: 20%']]>
    </line>
    <line>
      <![CDATA[<div > <a href=C:\Users\valentino.mancino\appium-eclipseWS\appiumtest/appiumScreens/02-03-2021_15-16-30-loginNuovoNumeroFlowe.png target="_blank"><img src='C:\Users\valentino.mancino\appium-eclipseWS\appiumtest/appiumScreens/02-03-2021_15-16-30-loginNuovoNumeroFlowe.png' height='100' width='100' /></a></div>]]>
    </line>
    <line>
      <![CDATA[<div><a href=C:\Users\valentino.mancino\appium-eclipseWS\appiumtest/appiumScreens/02-03-2021_15-16-30-loginNuovoNumeroFlowe.png target="_blank">click to open screenshot</a></div>]]>
    </line>
    <line>
      <![CDATA[</td>]]>
    </line>
    <line>
      <![CDATA[<td>loginNuovoNumeroFlowe]]>
    </line>
    <line>
      <![CDATA[</td>]]>
    </line>
    <line>
      <![CDATA[<td>Avvio l'applicazione]]>
    </line>
    <line>
      <![CDATA[</td>]]>
    </line>
    <line>
      <![CDATA[</tr>  ]]>
    </line>
    <line>
      <![CDATA[ </table>]]>
    </line>
    <line>
      <![CDATA[<br>]]>
    </line>
    <line>
      <![CDATA[<table style='width: 100%;'>]]>
    </line>
    <line>
      <![CDATA[<tr><th colspan="3">Step: Login</th></tr>]]>
    </line>
    <line>
      <![CDATA[<tr>]]>
    </line>
    <line>
      <![CDATA[<td style='width: 20%']]>
    </line>
    <line>
      <![CDATA[<div > <a href=C:\Users\valentino.mancino\appium-eclipseWS\appiumtest/appiumScreens/02-03-2021_15-16-36-loginNuovoNumeroFlowe.png target="_blank"><img src='C:\Users\valentino.mancino\appium-eclipseWS\appiumtest/appiumScreens/02-03-2021_15-16-36-loginNuovoNumeroFlowe.png' height='100' width='100' /></a></div>]]>
    </line>
    <line>
      <![CDATA[<div><a href=C:\Users\valentino.mancino\appium-eclipseWS\appiumtest/appiumScreens/02-03-2021_15-16-36-loginNuovoNumeroFlowe.png target="_blank">click to open screenshot</a></div>]]>
    </line>
    <line>
      <![CDATA[</td>]]>
    </line>
    <line>
      <![CDATA[<td>loginNuovoNumeroFlowe]]>
    </line>
    <line>
      <![CDATA[</td>]]>
    </line>
    <line>
      <![CDATA[<td>tap ho gia un Account]]>
    </line>
    <line>
      <![CDATA[</td>]]>
    </line>
    <line>
      <![CDATA[</tr>  ]]>
    </line>
    <line>
      <![CDATA[ </table>]]>
    </line>
    <line>
      <![CDATA[<br>]]>
    </line>
    <line>
      <![CDATA[<table style='width: 100%;'>]]>
    </line>
    <line>
      <![CDATA[<tr><th colspan="3">Step: Autorizzazione SMS</th></tr>]]>
    </line>
    <line>
      <![CDATA[<tr>]]>
    </line>
    <line>
      <![CDATA[<td style='width: 20%']]>
    </line>
    <line>
      <![CDATA[<div > <a href=C:\Users\valentino.mancino\appium-eclipseWS\appiumtest/appiumScreens/02-03-2021_15-16-38-loginNuovoNumeroFlowe.png target="_blank"><img src='C:\Users\valentino.mancino\appium-eclipseWS\appiumtest/appiumScreens/02-03-2021_15-16-38-loginNuovoNumeroFlowe.png' height='100' width='100' /></a></div>]]>
    </line>
    <line>
      <![CDATA[<div><a href=C:\Users\valentino.mancino\appium-eclipseWS\appiumtest/appiumScreens/02-03-2021_15-16-38-loginNuovoNumeroFlowe.png target="_blank">click to open screenshot</a></div>]]>
    </line>
    <line>
      <![CDATA[</td>]]>
    </line>
    <line>
      <![CDATA[<td>loginNuovoNumeroFlowe]]>
    </line>
    <line>
      <![CDATA[</td>]]>
    </line>
    <line>
      <![CDATA[<td>OK - autorizza la lettura automatica del codice OTP via SMS]]>
    </line>
    <line>
      <![CDATA[</td>]]>
    </line>
    <line>
      <![CDATA[</tr>  ]]>
    </line>
    <line>
      <![CDATA[ </table>]]>
    </line>
    <line>
      <![CDATA[<br>]]>
    </line>
    <line>
      <![CDATA[<table style='width: 100%;'>]]>
    </line>
    <line>
      <![CDATA[<tr><th colspan="3">Step: Android Permission</th></tr>]]>
    </line>
    <line>
      <![CDATA[<tr>]]>
    </line>
    <line>
      <![CDATA[<td style='width: 20%']]>
    </line>
    <line>
      <![CDATA[<div > <a href=C:\Users\valentino.mancino\appium-eclipseWS\appiumtest/appiumScreens/02-03-2021_15-16-40-loginNuovoNumeroFlowe.png target="_blank"><img src='C:\Users\valentino.mancino\appium-eclipseWS\appiumtest/appiumScreens/02-03-2021_15-16-40-loginNuovoNumeroFlowe.png' height='100' width='100' /></a></div>]]>
    </line>
    <line>
      <![CDATA[<div><a href=C:\Users\valentino.mancino\appium-eclipseWS\appiumtest/appiumScreens/02-03-2021_15-16-40-loginNuovoNumeroFlowe.png target="_blank">click to open screenshot</a></div>]]>
    </line>
    <line>
      <![CDATA[</td>]]>
    </line>
    <line>
      <![CDATA[<td>loginNuovoNumeroFlowe]]>
    </line>
    <line>
      <![CDATA[</td>]]>
    </line>
    <line>
      <![CDATA[<td>accetto i permessi android]]>
    </line>
    <line>
      <![CDATA[</td>]]>
    </line>
    <line>
      <![CDATA[</tr>  ]]>
    </line>
    <line>
      <![CDATA[ </table>]]>
    </line>
    <line>
      <![CDATA[<br>]]>
    </line>
    <line>
      <![CDATA[<table style='width: 100%;'>]]>
    </line>
    <line>
      <![CDATA[<tr><th colspan="3">Step: Numero Telefonico</th></tr>]]>
    </line>
    <line>
      <![CDATA[<tr>]]>
    </line>
    <line>
      <![CDATA[<td style='width: 20%']]>
    </line>
    <line>
      <![CDATA[<div > <a href=C:\Users\valentino.mancino\appium-eclipseWS\appiumtest/appiumScreens/02-03-2021_15-16-42-loginNuovoNumeroFlowe.png target="_blank"><img src='C:\Users\valentino.mancino\appium-eclipseWS\appiumtest/appiumScreens/02-03-2021_15-16-42-loginNuovoNumeroFlowe.png' height='100' width='100' /></a></div>]]>
    </line>
    <line>
      <![CDATA[<div><a href=C:\Users\valentino.mancino\appium-eclipseWS\appiumtest/appiumScreens/02-03-2021_15-16-42-loginNuovoNumeroFlowe.png target="_blank">click to open screenshot</a></div>]]>
    </line>
    <line>
      <![CDATA[</td>]]>
    </line>
    <line>
      <![CDATA[<td>loginNuovoNumeroFlowe]]>
    </line>
    <line>
      <![CDATA[</td>]]>
    </line>
    <line>
      <![CDATA[<td>Inserisco il numero di telefono: 1111110019]]>
    </line>
    <line>
      <![CDATA[</td>]]>
    </line>
    <line>
      <![CDATA[</tr>  ]]>
    </line>
    <line>
      <![CDATA[ </table>]]>
    </line>
    <line>
      <![CDATA[<br>]]>
    </line>
    <line>
      <![CDATA[<table style='width: 100%;'>]]>
    </line>
    <line>
      <![CDATA[<tr><th colspan="3">Step: Insert Passcode</th></tr>]]>
    </line>
    <line>
      <![CDATA[<tr>]]>
    </line>
    <line>
      <![CDATA[<td style='width: 20%']]>
    </line>
    <line>
      <![CDATA[<div > <a href=C:\Users\valentino.mancino\appium-eclipseWS\appiumtest/appiumScreens/02-03-2021_15-16-43-loginNuovoNumeroFlowe.png target="_blank"><img src='C:\Users\valentino.mancino\appium-eclipseWS\appiumtest/appiumScreens/02-03-2021_15-16-43-loginNuovoNumeroFlowe.png' height='100' width='100' /></a></div>]]>
    </line>
    <line>
      <![CDATA[<div><a href=C:\Users\valentino.mancino\appium-eclipseWS\appiumtest/appiumScreens/02-03-2021_15-16-43-loginNuovoNumeroFlowe.png target="_blank">click to open screenshot</a></div>]]>
    </line>
    <line>
      <![CDATA[</td>]]>
    </line>
    <line>
      <![CDATA[<td>loginNuovoNumeroFlowe]]>
    </line>
    <line>
      <![CDATA[</td>]]>
    </line>
    <line>
      <![CDATA[<td>inserisco il passcode: 00000]]>
    </line>
    <line>
      <![CDATA[</td>]]>
    </line>
    <line>
      <![CDATA[</tr>  ]]>
    </line>
    <line>
      <![CDATA[ </table>]]>
    </line>
    <line>
      <![CDATA[<br>]]>
    </line>
    <line>
      <![CDATA[<table style='width: 100%;'>]]>
    </line>
    <line>
      <![CDATA[<tr><th colspan="3">Step: Insert SMS code</th></tr>]]>
    </line>
    <line>
      <![CDATA[<tr>]]>
    </line>
    <line>
      <![CDATA[<td style='width: 20%']]>
    </line>
    <line>
      <![CDATA[<div > <a href=C:\Users\valentino.mancino\appium-eclipseWS\appiumtest/appiumScreens/02-03-2021_15-16-46-loginNuovoNumeroFlowe.png target="_blank"><img src='C:\Users\valentino.mancino\appium-eclipseWS\appiumtest/appiumScreens/02-03-2021_15-16-46-loginNuovoNumeroFlowe.png' height='100' width='100' /></a></div>]]>
    </line>
    <line>
      <![CDATA[<div><a href=C:\Users\valentino.mancino\appium-eclipseWS\appiumtest/appiumScreens/02-03-2021_15-16-46-loginNuovoNumeroFlowe.png target="_blank">click to open screenshot</a></div>]]>
    </line>
    <line>
      <![CDATA[</td>]]>
    </line>
    <line>
      <![CDATA[<td>loginNuovoNumeroFlowe]]>
    </line>
    <line>
      <![CDATA[</td>]]>
    </line>
    <line>
      <![CDATA[<td>inserisco il codice ricevuto via SMS: 123456]]>
    </line>
    <line>
      <![CDATA[</td>]]>
    </line>
    <line>
      <![CDATA[</tr>  ]]>
    </line>
    <line>
      <![CDATA[ </table>]]>
    </line>
    <line>
      <![CDATA[<br>]]>
    </line>
    <line>
      <![CDATA[<table style='width: 100%;'>]]>
    </line>
    <line>
      <![CDATA[<tr><th colspan="3">Step: FingerPrint</th></tr>]]>
    </line>
    <line>
      <![CDATA[<tr>]]>
    </line>
    <line>
      <![CDATA[<td style='width: 20%']]>
    </line>
    <line>
      <![CDATA[<div > <a href=C:\Users\valentino.mancino\appium-eclipseWS\appiumtest/appiumScreens/02-03-2021_15-16-49-loginNuovoNumeroFlowe.png target="_blank"><img src='C:\Users\valentino.mancino\appium-eclipseWS\appiumtest/appiumScreens/02-03-2021_15-16-49-loginNuovoNumeroFlowe.png' height='100' width='100' /></a></div>]]>
    </line>
    <line>
      <![CDATA[<div><a href=C:\Users\valentino.mancino\appium-eclipseWS\appiumtest/appiumScreens/02-03-2021_15-16-49-loginNuovoNumeroFlowe.png target="_blank">click to open screenshot</a></div>]]>
    </line>
    <line>
      <![CDATA[</td>]]>
    </line>
    <line>
      <![CDATA[<td>loginNuovoNumeroFlowe]]>
    </line>
    <line>
      <![CDATA[</td>]]>
    </line>
    <line>
      <![CDATA[<td>Skip Biometric]]>
    </line>
    <line>
      <![CDATA[</td>]]>
    </line>
    <line>
      <![CDATA[</tr>  ]]>
    </line>
    <line>
      <![CDATA[ </table>]]>
    </line>
    <line>
      <![CDATA[<br>]]>
    </line>
    <line>
      <![CDATA[<table style='width: 100%;'>]]>
    </line>
    <line>
      <![CDATA[<tr><th colspan="3">Step: Banner</th></tr>]]>
    </line>
    <line>
      <![CDATA[<tr>]]>
    </line>
    <line>
      <![CDATA[<td style='width: 20%']]>
    </line>
    <line>
      <![CDATA[<div > <a href=C:\Users\valentino.mancino\appium-eclipseWS\appiumtest/appiumScreens/02-03-2021_15-16-50-loginNuovoNumeroFlowe.png target="_blank"><img src='C:\Users\valentino.mancino\appium-eclipseWS\appiumtest/appiumScreens/02-03-2021_15-16-50-loginNuovoNumeroFlowe.png' height='100' width='100' /></a></div>]]>
    </line>
    <line>
      <![CDATA[<div><a href=C:\Users\valentino.mancino\appium-eclipseWS\appiumtest/appiumScreens/02-03-2021_15-16-50-loginNuovoNumeroFlowe.png target="_blank">click to open screenshot</a></div>]]>
    </line>
    <line>
      <![CDATA[</td>]]>
    </line>
    <line>
      <![CDATA[<td>loginNuovoNumeroFlowe]]>
    </line>
    <line>
      <![CDATA[</td>]]>
    </line>
    <line>
      <![CDATA[<td>Skip banner 1]]>
    </line>
    <line>
      <![CDATA[</td>]]>
    </line>
    <line>
      <![CDATA[</tr>  ]]>
    </line>
    <line>
      <![CDATA[ </table>]]>
    </line>
    <line>
      <![CDATA[<br>]]>
    </line>
    <line>
      <![CDATA[<table style='width: 100%;'>]]>
    </line>
    <line>
      <![CDATA[<tr><th colspan="3">Step: Banner</th></tr>]]>
    </line>
    <line>
      <![CDATA[<tr>]]>
    </line>
    <line>
      <![CDATA[<td style='width: 20%']]>
    </line>
    <line>
      <![CDATA[<div > <a href=C:\Users\valentino.mancino\appium-eclipseWS\appiumtest/appiumScreens/02-03-2021_15-16-51-loginNuovoNumeroFlowe.png target="_blank"><img src='C:\Users\valentino.mancino\appium-eclipseWS\appiumtest/appiumScreens/02-03-2021_15-16-51-loginNuovoNumeroFlowe.png' height='100' width='100' /></a></div>]]>
    </line>
    <line>
      <![CDATA[<div><a href=C:\Users\valentino.mancino\appium-eclipseWS\appiumtest/appiumScreens/02-03-2021_15-16-51-loginNuovoNumeroFlowe.png target="_blank">click to open screenshot</a></div>]]>
    </line>
    <line>
      <![CDATA[</td>]]>
    </line>
    <line>
      <![CDATA[<td>loginNuovoNumeroFlowe]]>
    </line>
    <line>
      <![CDATA[</td>]]>
    </line>
    <line>
      <![CDATA[<td>Skip banner 2]]>
    </line>
    <line>
      <![CDATA[</td>]]>
    </line>
    <line>
      <![CDATA[</tr>  ]]>
    </line>
    <line>
      <![CDATA[ </table>]]>
    </line>
    <line>
      <![CDATA[<br>]]>
    </line>
    <line>
      <![CDATA[<table style='width: 100%;'>]]>
    </line>
    <line>
      <![CDATA[<tr><th colspan="3">Step: Banner</th></tr>]]>
    </line>
    <line>
      <![CDATA[<tr>]]>
    </line>
    <line>
      <![CDATA[<td style='width: 20%']]>
    </line>
    <line>
      <![CDATA[<div > <a href=C:\Users\valentino.mancino\appium-eclipseWS\appiumtest/appiumScreens/02-03-2021_15-16-52-loginNuovoNumeroFlowe.png target="_blank"><img src='C:\Users\valentino.mancino\appium-eclipseWS\appiumtest/appiumScreens/02-03-2021_15-16-52-loginNuovoNumeroFlowe.png' height='100' width='100' /></a></div>]]>
    </line>
    <line>
      <![CDATA[<div><a href=C:\Users\valentino.mancino\appium-eclipseWS\appiumtest/appiumScreens/02-03-2021_15-16-52-loginNuovoNumeroFlowe.png target="_blank">click to open screenshot</a></div>]]>
    </line>
    <line>
      <![CDATA[</td>]]>
    </line>
    <line>
      <![CDATA[<td>loginNuovoNumeroFlowe]]>
    </line>
    <line>
      <![CDATA[</td>]]>
    </line>
    <line>
      <![CDATA[<td>Skip banner 3]]>
    </line>
    <line>
      <![CDATA[</td>]]>
    </line>
    <line>
      <![CDATA[</tr>  ]]>
    </line>
    <line>
      <![CDATA[ </table>]]>
    </line>
    <line>
      <![CDATA[<br>]]>
    </line>
    <line>
      <![CDATA[<table style='width: 100%;'>]]>
    </line>
    <line>
      <![CDATA[<tr><th colspan="3">Step: Money</th></tr>]]>
    </line>
    <line>
      <![CDATA[<tr>]]>
    </line>
    <line>
      <![CDATA[<td style='width: 20%']]>
    </line>
    <line>
      <![CDATA[<div > <a href=C:\Users\valentino.mancino\appium-eclipseWS\appiumtest/appiumScreens/02-03-2021_15-16-56-loginNuovoNumeroFlowe.png target="_blank"><img src='C:\Users\valentino.mancino\appium-eclipseWS\appiumtest/appiumScreens/02-03-2021_15-16-56-loginNuovoNumeroFlowe.png' height='100' width='100' /></a></div>]]>
    </line>
    <line>
      <![CDATA[<div><a href=C:\Users\valentino.mancino\appium-eclipseWS\appiumtest/appiumScreens/02-03-2021_15-16-56-loginNuovoNumeroFlowe.png target="_blank">click to open screenshot</a></div>]]>
    </line>
    <line>
      <![CDATA[</td>]]>
    </line>
    <line>
      <![CDATA[<td>loginNuovoNumeroFlowe]]>
    </line>
    <line>
      <![CDATA[</td>]]>
    </line>
    <line>
      <![CDATA[<td>money page (jump)]]>
    </line>
    <line>
      <![CDATA[</td>]]>
    </line>
    <line>
      <![CDATA[</tr>  ]]>
    </line>
    <line>
      <![CDATA[ </table>]]>
    </line>
    <line>
      <![CDATA[<br>]]>
    </line>
    <line>
      <![CDATA[<table style='width: 100%;'>]]>
    </line>
    <line>
      <![CDATA[<tr><th colspan="3">Step: Security Token Banner</th></tr>]]>
    </line>
    <line>
      <![CDATA[<tr>]]>
    </line>
    <line>
      <![CDATA[<td style='width: 20%']]>
    </line>
    <line>
      <![CDATA[<div > <a href=C:\Users\valentino.mancino\appium-eclipseWS\appiumtest/appiumScreens/02-03-2021_15-16-57-loginNuovoNumeroFlowe.png target="_blank"><img src='C:\Users\valentino.mancino\appium-eclipseWS\appiumtest/appiumScreens/02-03-2021_15-16-57-loginNuovoNumeroFlowe.png' height='100' width='100' /></a></div>]]>
    </line>
    <line>
      <![CDATA[<div><a href=C:\Users\valentino.mancino\appium-eclipseWS\appiumtest/appiumScreens/02-03-2021_15-16-57-loginNuovoNumeroFlowe.png target="_blank">click to open screenshot</a></div>]]>
    </line>
    <line>
      <![CDATA[</td>]]>
    </line>
    <line>
      <![CDATA[<td>loginNuovoNumeroFlowe]]>
    </line>
    <line>
      <![CDATA[</td>]]>
    </line>
    <line>
      <![CDATA[<td>Visualizzo il Dialog per il security token]]>
    </line>
    <line>
      <![CDATA[</td>]]>
    </line>
    <line>
      <![CDATA[</tr>  ]]>
    </line>
    <line>
      <![CDATA[ </table>]]>
    </line>
    <line>
      <![CDATA[<br>]]>
    </line>
    <line>
      <![CDATA[<table style='width: 100%;'>]]>
    </line>
    <line>
      <![CDATA[<tr><th colspan="3">Step: Security Token</th></tr>]]>
    </line>
    <line>
      <![CDATA[<tr>]]>
    </line>
    <line>
      <![CDATA[<td style='width: 20%']]>
    </line>
    <line>
      <![CDATA[<div > <a href=C:\Users\valentino.mancino\appium-eclipseWS\appiumtest/appiumScreens/02-03-2021_15-17-00-loginNuovoNumeroFlowe.png target="_blank"><img src='C:\Users\valentino.mancino\appium-eclipseWS\appiumtest/appiumScreens/02-03-2021_15-17-00-loginNuovoNumeroFlowe.png' height='100' width='100' /></a></div>]]>
    </line>
    <line>
      <![CDATA[<div><a href=C:\Users\valentino.mancino\appium-eclipseWS\appiumtest/appiumScreens/02-03-2021_15-17-00-loginNuovoNumeroFlowe.png target="_blank">click to open screenshot</a></div>]]>
    </line>
    <line>
      <![CDATA[</td>]]>
    </line>
    <line>
      <![CDATA[<td>loginNuovoNumeroFlowe]]>
    </line>
    <line>
      <![CDATA[</td>]]>
    </line>
    <line>
      <![CDATA[<td>Insert PassCode: 00000]]>
    </line>
    <line>
      <![CDATA[</td>]]>
    </line>
    <line>
      <![CDATA[</tr>  ]]>
    </line>
    <line>
      <![CDATA[ </table>]]>
    </line>
    <line>
      <![CDATA[<br>]]>
    </line>
    <line>
      <![CDATA[<table style='width: 100%;'>]]>
    </line>
    <line>
      <![CDATA[<tr><th colspan="3">Step: Security Token</th></tr>]]>
    </line>
    <line>
      <![CDATA[<tr>]]>
    </line>
    <line>
      <![CDATA[<td style='width: 20%']]>
    </line>
    <line>
      <![CDATA[<div > <a href=C:\Users\valentino.mancino\appium-eclipseWS\appiumtest/appiumScreens/02-03-2021_15-17-03-loginNuovoNumeroFlowe.png target="_blank"><img src='C:\Users\valentino.mancino\appium-eclipseWS\appiumtest/appiumScreens/02-03-2021_15-17-03-loginNuovoNumeroFlowe.png' height='100' width='100' /></a></div>]]>
    </line>
    <line>
      <![CDATA[<div><a href=C:\Users\valentino.mancino\appium-eclipseWS\appiumtest/appiumScreens/02-03-2021_15-17-03-loginNuovoNumeroFlowe.png target="_blank">click to open screenshot</a></div>]]>
    </line>
    <line>
      <![CDATA[</td>]]>
    </line>
    <line>
      <![CDATA[<td>loginNuovoNumeroFlowe]]>
    </line>
    <line>
      <![CDATA[</td>]]>
    </line>
    <line>
      <![CDATA[<td>Confirm Security token00000]]>
    </line>
    <line>
      <![CDATA[</td>]]>
    </line>
    <line>
      <![CDATA[</tr>  ]]>
    </line>
    <line>
      <![CDATA[ </table>]]>
    </line>
    <line>
      <![CDATA[<br>]]>
    </line>
    <line>
      <![CDATA[<table style='width: 100%;'>]]>
    </line>
    <line>
      <![CDATA[<tr><th colspan="3">Step: Security Token</th></tr>]]>
    </line>
    <line>
      <![CDATA[<tr>]]>
    </line>
    <line>
      <![CDATA[<td style='width: 20%']]>
    </line>
    <line>
      <![CDATA[<div > <a href=C:\Users\valentino.mancino\appium-eclipseWS\appiumtest/appiumScreens/02-03-2021_15-17-04-loginNuovoNumeroFlowe.png target="_blank"><img src='C:\Users\valentino.mancino\appium-eclipseWS\appiumtest/appiumScreens/02-03-2021_15-17-04-loginNuovoNumeroFlowe.png' height='100' width='100' /></a></div>]]>
    </line>
    <line>
      <![CDATA[<div><a href=C:\Users\valentino.mancino\appium-eclipseWS\appiumtest/appiumScreens/02-03-2021_15-17-04-loginNuovoNumeroFlowe.png target="_blank">click to open screenshot</a></div>]]>
    </line>
    <line>
      <![CDATA[</td>]]>
    </line>
    <line>
      <![CDATA[<td>loginNuovoNumeroFlowe]]>
    </line>
    <line>
      <![CDATA[</td>]]>
    </line>
    <line>
      <![CDATA[<td>Dialog Token Facile - OK]]>
    </line>
    <line>
      <![CDATA[</td>]]>
    </line>
    <line>
      <![CDATA[</tr>  ]]>
    </line>
    <line>
      <![CDATA[ </table>]]>
    </line>
    <line>
      <![CDATA[<br>]]>
    </line>
    <line>
      <![CDATA[<table style='width: 100%;'>]]>
    </line>
    <line>
      <![CDATA[<tr><th colspan="3">Step: Security Token</th></tr>]]>
    </line>
    <line>
      <![CDATA[<tr>]]>
    </line>
    <line>
      <![CDATA[<td style='width: 20%']]>
    </line>
    <line>
      <![CDATA[<div > <a href=C:\Users\valentino.mancino\appium-eclipseWS\appiumtest/appiumScreens/02-03-2021_15-17-07-loginNuovoNumeroFlowe.png target="_blank"><img src='C:\Users\valentino.mancino\appium-eclipseWS\appiumtest/appiumScreens/02-03-2021_15-17-07-loginNuovoNumeroFlowe.png' height='100' width='100' /></a></div>]]>
    </line>
    <line>
      <![CDATA[<div><a href=C:\Users\valentino.mancino\appium-eclipseWS\appiumtest/appiumScreens/02-03-2021_15-17-07-loginNuovoNumeroFlowe.png target="_blank">click to open screenshot</a></div>]]>
    </line>
    <line>
      <![CDATA[</td>]]>
    </line>
    <line>
      <![CDATA[<td>loginNuovoNumeroFlowe]]>
    </line>
    <line>
      <![CDATA[</td>]]>
    </line>
    <line>
      <![CDATA[<td>Confirm Security token00000]]>
    </line>
    <line>
      <![CDATA[</td>]]>
    </line>
    <line>
      <![CDATA[</tr>  ]]>
    </line>
    <line>
      <![CDATA[ </table>]]>
    </line>
    <line>
      <![CDATA[<br>]]>
    </line>
    <line>
      <![CDATA[<table style='width: 100%;'>]]>
    </line>
    <line>
      <![CDATA[<tr><th colspan="3">Step: Dialog FingerPrint</th></tr>]]>
    </line>
    <line>
      <![CDATA[<tr>]]>
    </line>
    <line>
      <![CDATA[<td style='width: 20%']]>
    </line>
    <line>
      <![CDATA[<div > <a href=C:\Users\valentino.mancino\appium-eclipseWS\appiumtest/appiumScreens/02-03-2021_15-17-13-loginNuovoNumeroFlowe.png target="_blank"><img src='C:\Users\valentino.mancino\appium-eclipseWS\appiumtest/appiumScreens/02-03-2021_15-17-13-loginNuovoNumeroFlowe.png' height='100' width='100' /></a></div>]]>
    </line>
    <line>
      <![CDATA[<div><a href=C:\Users\valentino.mancino\appium-eclipseWS\appiumtest/appiumScreens/02-03-2021_15-17-13-loginNuovoNumeroFlowe.png target="_blank">click to open screenshot</a></div>]]>
    </line>
    <line>
      <![CDATA[</td>]]>
    </line>
    <line>
      <![CDATA[<td>loginNuovoNumeroFlowe]]>
    </line>
    <line>
      <![CDATA[</td>]]>
    </line>
    <line>
      <![CDATA[<td>Skip Dialog FingerPrint]]>
    </line>
    <line>
      <![CDATA[</td>]]>
    </line>
    <line>
      <![CDATA[</tr>  ]]>
    </line>
    <line>
      <![CDATA[ </table>]]>
    </line>
    <line>
      <![CDATA[<br>]]>
    </line>
    <line>
      <![CDATA[<table style='width: 100%;'>]]>
    </line>
    <line>
      <![CDATA[<tr><th colspan="3">Step: Security Token</th></tr>]]>
    </line>
    <line>
      <![CDATA[<tr>]]>
    </line>
    <line>
      <![CDATA[<td style='width: 20%']]>
    </line>
    <line>
      <![CDATA[<div > <a href=C:\Users\valentino.mancino\appium-eclipseWS\appiumtest/appiumScreens/02-03-2021_15-17-16-loginNuovoNumeroFlowe.png target="_blank"><img src='C:\Users\valentino.mancino\appium-eclipseWS\appiumtest/appiumScreens/02-03-2021_15-17-16-loginNuovoNumeroFlowe.png' height='100' width='100' /></a></div>]]>
    </line>
    <line>
      <![CDATA[<div><a href=C:\Users\valentino.mancino\appium-eclipseWS\appiumtest/appiumScreens/02-03-2021_15-17-16-loginNuovoNumeroFlowe.png target="_blank">click to open screenshot</a></div>]]>
    </line>
    <line>
      <![CDATA[</td>]]>
    </line>
    <line>
      <![CDATA[<td>loginNuovoNumeroFlowe]]>
    </line>
    <line>
      <![CDATA[</td>]]>
    </line>
    <line>
      <![CDATA[<td>Security token settato pagina di Successo - ok]]>
    </line>
    <line>
      <![CDATA[</td>]]>
    </line>
    <line>
      <![CDATA[</tr>  ]]>
    </line>
    <line>
      <![CDATA[ </table>]]>
    </line>
    <line>
      <![CDATA[<br>]]>
    </line>
    <line>
      <![CDATA[<table style='width: 100%;'>]]>
    </line>
    <line>
      <![CDATA[<tr><th colspan="3">Test: null</th></tr>]]>
    </line>
    <line>
      <![CDATA[<tr>]]>
    </line>
    <line>
      <![CDATA[<td style='width: 20%']]>
    </line>
    <line>
      <![CDATA[<div > <a href=C:\Users\valentino.mancino\appium-eclipseWS\appiumtest/appiumScreens/02-03-2021_15-17-17-loginNuovoNumeroFlowe.png target="_blank"><img src='C:\Users\valentino.mancino\appium-eclipseWS\appiumtest/appiumScreens/02-03-2021_15-17-17-loginNuovoNumeroFlowe.png' height='100' width='100' /></a></div>]]>
    </line>
    <line>
      <![CDATA[<div><a href=C:\Users\valentino.mancino\appium-eclipseWS\appiumtest/appiumScreens/02-03-2021_15-17-17-loginNuovoNumeroFlowe.png target="_blank">click to open screenshot</a></div>]]>
    </line>
    <line>
      <![CDATA[</td>]]>
    </line>
    <line>
      <![CDATA[<td>loginNuovoNumeroFlowe]]>
    </line>
    <line>
      <![CDATA[</td>]]>
    </line>
    <line>
      <![CDATA[<td>prova]]>
    </line>
    <line>
      <![CDATA[</td>]]>
    </line>
    <line>
      <![CDATA[</tr>  ]]>
    </line>
    <line>
      <![CDATA[ </table>]]>
    </line>
    <line>
      <![CDATA[<br>]]>
    </line>
    <line>
      <![CDATA[onTestSuccess take screen]]>
    </line>
    <line>
      <![CDATA[Test feature.login.PrimoLogin completato in : 02/03/2021 15:17:16]]>
    </line>
    <line>
      <![CDATA[<table style='width: 100%;'>]]>
    </line>
    <line>
      <![CDATA[<tr><th colspan="3">Step: Solo Login</th></tr>]]>
    </line>
    <line>
      <![CDATA[<tr>]]>
    </line>
    <line>
      <![CDATA[<td style='width: 20%']]>
    </line>
    <line>
      <![CDATA[<div > <a href=C:\Users\valentino.mancino\appium-eclipseWS\appiumtest/appiumScreens/02-03-2021_15-17-38-onlyLogin.png target="_blank"><img src='C:\Users\valentino.mancino\appium-eclipseWS\appiumtest/appiumScreens/02-03-2021_15-17-38-onlyLogin.png' height='100' width='100' /></a></div>]]>
    </line>
    <line>
      <![CDATA[<div><a href=C:\Users\valentino.mancino\appium-eclipseWS\appiumtest/appiumScreens/02-03-2021_15-17-38-onlyLogin.png target="_blank">click to open screenshot</a></div>]]>
    </line>
    <line>
      <![CDATA[</td>]]>
    </line>
    <line>
      <![CDATA[<td>onlyLogin]]>
    </line>
    <line>
      <![CDATA[</td>]]>
    </line>
    <line>
      <![CDATA[<td>Avvio l'applicazione]]>
    </line>
    <line>
      <![CDATA[</td>]]>
    </line>
    <line>
      <![CDATA[</tr>  ]]>
    </line>
    <line>
      <![CDATA[ </table>]]>
    </line>
    <line>
      <![CDATA[<br>]]>
    </line>
    <line>
      <![CDATA[<table style='width: 100%;'>]]>
    </line>
    <line>
      <![CDATA[<tr><th colspan="3">Step: Insert PassCode</th></tr>]]>
    </line>
    <line>
      <![CDATA[<tr>]]>
    </line>
    <line>
      <![CDATA[<td style='width: 20%']]>
    </line>
    <line>
      <![CDATA[<div > <a href=C:\Users\valentino.mancino\appium-eclipseWS\appiumtest/appiumScreens/02-03-2021_15-17-41-onlyLogin.png target="_blank"><img src='C:\Users\valentino.mancino\appium-eclipseWS\appiumtest/appiumScreens/02-03-2021_15-17-41-onlyLogin.png' height='100' width='100' /></a></div>]]>
    </line>
    <line>
      <![CDATA[<div><a href=C:\Users\valentino.mancino\appium-eclipseWS\appiumtest/appiumScreens/02-03-2021_15-17-41-onlyLogin.png target="_blank">click to open screenshot</a></div>]]>
    </line>
    <line>
      <![CDATA[</td>]]>
    </line>
    <line>
      <![CDATA[<td>onlyLogin]]>
    </line>
    <line>
      <![CDATA[</td>]]>
    </line>
    <line>
      <![CDATA[<td>Inserisco il passcode: 00000]]>
    </line>
    <line>
      <![CDATA[</td>]]>
    </line>
    <line>
      <![CDATA[</tr>  ]]>
    </line>
    <line>
      <![CDATA[ </table>]]>
    </line>
    <line>
      <![CDATA[<br>]]>
    </line>
    <line>
      <![CDATA[<table style='width: 100%;'>]]>
    </line>
    <line>
      <![CDATA[<tr><th colspan="3">Test: null</th></tr>]]>
    </line>
    <line>
      <![CDATA[<tr>]]>
    </line>
    <line>
      <![CDATA[<td style='width: 20%']]>
    </line>
    <line>
      <![CDATA[<div > <a href=C:\Users\valentino.mancino\appium-eclipseWS\appiumtest/appiumScreens/02-03-2021_15-17-45-onlyLogin.png target="_blank"><img src='C:\Users\valentino.mancino\appium-eclipseWS\appiumtest/appiumScreens/02-03-2021_15-17-45-onlyLogin.png' height='100' width='100' /></a></div>]]>
    </line>
    <line>
      <![CDATA[<div><a href=C:\Users\valentino.mancino\appium-eclipseWS\appiumtest/appiumScreens/02-03-2021_15-17-45-onlyLogin.png target="_blank">click to open screenshot</a></div>]]>
    </line>
    <line>
      <![CDATA[</td>]]>
    </line>
    <line>
      <![CDATA[<td>onlyLogin]]>
    </line>
    <line>
      <![CDATA[</td>]]>
    </line>
    <line>
      <![CDATA[<td>prova]]>
    </line>
    <line>
      <![CDATA[</td>]]>
    </line>
    <line>
      <![CDATA[</tr>  ]]>
    </line>
    <line>
      <![CDATA[ </table>]]>
    </line>
    <line>
      <![CDATA[<br>]]>
    </line>
    <line>
      <![CDATA[onTestSuccess take screen]]>
    </line>
    <line>
      <![CDATA[Test feature.login.SoloLogin completato in : 02/03/2021 15:17:44]]>
    </line>
  </reporter-output>
  <suite started-at="2021-03-02T15:16:03 CET" name="Login nuovo numero" finished-at="2021-03-02T15:17:17 CET" duration-ms="74226">
    <groups>
    </groups>
    <test started-at="2021-03-02T15:16:03 CET" name="test 2014 semiautomatico" finished-at="2021-03-02T15:17:17 CET" duration-ms="74226">
      <class name="feature.login.PrimoLogin">
        <test-method is-config="true" signature="beforeSuite(java.lang.String)[pri:0, instance:feature.login.PrimoLogin@5f8890c2]" started-at="2021-03-02T15:16:03 CET" name="beforeSuite" finished-at="2021-03-02T15:16:29 CET" duration-ms="25369" status="PASS">
          <params>
            <param index="0">
              <value>
                <![CDATA[IdTest01]]>
              </value>
            </param>
          </params>
          <reporter-output>
          </reporter-output>
        </test-method> <!-- beforeSuite -->
        <test-method signature="loginNuovoNumeroFlowe(java.lang.String)[pri:0, instance:feature.login.PrimoLogin@5f8890c2]" started-at="2021-03-02T15:16:29 CET" name="loginNuovoNumeroFlowe" finished-at="2021-03-02T15:17:16 CET" duration-ms="47481" status="PASS">
          <params>
            <param index="0">
              <value>
                <![CDATA[IdTest01]]>
              </value>
            </param>
          </params>
          <reporter-output>
            <line>
              <![CDATA[<table style='width: 100%;'>]]>
            </line>
            <line>
              <![CDATA[<tr><th colspan="3">Step: Start App</th></tr>]]>
            </line>
            <line>
              <![CDATA[<tr>]]>
            </line>
            <line>
              <![CDATA[<td style='width: 20%']]>
            </line>
            <line>
              <![CDATA[<div > <a href=C:\Users\valentino.mancino\appium-eclipseWS\appiumtest/appiumScreens/02-03-2021_15-16-30-loginNuovoNumeroFlowe.png target="_blank"><img src='C:\Users\valentino.mancino\appium-eclipseWS\appiumtest/appiumScreens/02-03-2021_15-16-30-loginNuovoNumeroFlowe.png' height='100' width='100' /></a></div>]]>
            </line>
            <line>
              <![CDATA[<div><a href=C:\Users\valentino.mancino\appium-eclipseWS\appiumtest/appiumScreens/02-03-2021_15-16-30-loginNuovoNumeroFlowe.png target="_blank">click to open screenshot</a></div>]]>
            </line>
            <line>
              <![CDATA[</td>]]>
            </line>
            <line>
              <![CDATA[<td>loginNuovoNumeroFlowe]]>
            </line>
            <line>
              <![CDATA[</td>]]>
            </line>
            <line>
              <![CDATA[<td>Avvio l'applicazione]]>
            </line>
            <line>
              <![CDATA[</td>]]>
            </line>
            <line>
              <![CDATA[</tr>  ]]>
            </line>
            <line>
              <![CDATA[ </table>]]>
            </line>
            <line>
              <![CDATA[<br>]]>
            </line>
            <line>
              <![CDATA[<table style='width: 100%;'>]]>
            </line>
            <line>
              <![CDATA[<tr><th colspan="3">Step: Login</th></tr>]]>
            </line>
            <line>
              <![CDATA[<tr>]]>
            </line>
            <line>
              <![CDATA[<td style='width: 20%']]>
            </line>
            <line>
              <![CDATA[<div > <a href=C:\Users\valentino.mancino\appium-eclipseWS\appiumtest/appiumScreens/02-03-2021_15-16-36-loginNuovoNumeroFlowe.png target="_blank"><img src='C:\Users\valentino.mancino\appium-eclipseWS\appiumtest/appiumScreens/02-03-2021_15-16-36-loginNuovoNumeroFlowe.png' height='100' width='100' /></a></div>]]>
            </line>
            <line>
              <![CDATA[<div><a href=C:\Users\valentino.mancino\appium-eclipseWS\appiumtest/appiumScreens/02-03-2021_15-16-36-loginNuovoNumeroFlowe.png target="_blank">click to open screenshot</a></div>]]>
            </line>
            <line>
              <![CDATA[</td>]]>
            </line>
            <line>
              <![CDATA[<td>loginNuovoNumeroFlowe]]>
            </line>
            <line>
              <![CDATA[</td>]]>
            </line>
            <line>
              <![CDATA[<td>tap ho gia un Account]]>
            </line>
            <line>
              <![CDATA[</td>]]>
            </line>
            <line>
              <![CDATA[</tr>  ]]>
            </line>
            <line>
              <![CDATA[ </table>]]>
            </line>
            <line>
              <![CDATA[<br>]]>
            </line>
            <line>
              <![CDATA[<table style='width: 100%;'>]]>
            </line>
            <line>
              <![CDATA[<tr><th colspan="3">Step: Autorizzazione SMS</th></tr>]]>
            </line>
            <line>
              <![CDATA[<tr>]]>
            </line>
            <line>
              <![CDATA[<td style='width: 20%']]>
            </line>
            <line>
              <![CDATA[<div > <a href=C:\Users\valentino.mancino\appium-eclipseWS\appiumtest/appiumScreens/02-03-2021_15-16-38-loginNuovoNumeroFlowe.png target="_blank"><img src='C:\Users\valentino.mancino\appium-eclipseWS\appiumtest/appiumScreens/02-03-2021_15-16-38-loginNuovoNumeroFlowe.png' height='100' width='100' /></a></div>]]>
            </line>
            <line>
              <![CDATA[<div><a href=C:\Users\valentino.mancino\appium-eclipseWS\appiumtest/appiumScreens/02-03-2021_15-16-38-loginNuovoNumeroFlowe.png target="_blank">click to open screenshot</a></div>]]>
            </line>
            <line>
              <![CDATA[</td>]]>
            </line>
            <line>
              <![CDATA[<td>loginNuovoNumeroFlowe]]>
            </line>
            <line>
              <![CDATA[</td>]]>
            </line>
            <line>
              <![CDATA[<td>OK - autorizza la lettura automatica del codice OTP via SMS]]>
            </line>
            <line>
              <![CDATA[</td>]]>
            </line>
            <line>
              <![CDATA[</tr>  ]]>
            </line>
            <line>
              <![CDATA[ </table>]]>
            </line>
            <line>
              <![CDATA[<br>]]>
            </line>
            <line>
              <![CDATA[<table style='width: 100%;'>]]>
            </line>
            <line>
              <![CDATA[<tr><th colspan="3">Step: Android Permission</th></tr>]]>
            </line>
            <line>
              <![CDATA[<tr>]]>
            </line>
            <line>
              <![CDATA[<td style='width: 20%']]>
            </line>
            <line>
              <![CDATA[<div > <a href=C:\Users\valentino.mancino\appium-eclipseWS\appiumtest/appiumScreens/02-03-2021_15-16-40-loginNuovoNumeroFlowe.png target="_blank"><img src='C:\Users\valentino.mancino\appium-eclipseWS\appiumtest/appiumScreens/02-03-2021_15-16-40-loginNuovoNumeroFlowe.png' height='100' width='100' /></a></div>]]>
            </line>
            <line>
              <![CDATA[<div><a href=C:\Users\valentino.mancino\appium-eclipseWS\appiumtest/appiumScreens/02-03-2021_15-16-40-loginNuovoNumeroFlowe.png target="_blank">click to open screenshot</a></div>]]>
            </line>
            <line>
              <![CDATA[</td>]]>
            </line>
            <line>
              <![CDATA[<td>loginNuovoNumeroFlowe]]>
            </line>
            <line>
              <![CDATA[</td>]]>
            </line>
            <line>
              <![CDATA[<td>accetto i permessi android]]>
            </line>
            <line>
              <![CDATA[</td>]]>
            </line>
            <line>
              <![CDATA[</tr>  ]]>
            </line>
            <line>
              <![CDATA[ </table>]]>
            </line>
            <line>
              <![CDATA[<br>]]>
            </line>
            <line>
              <![CDATA[<table style='width: 100%;'>]]>
            </line>
            <line>
              <![CDATA[<tr><th colspan="3">Step: Numero Telefonico</th></tr>]]>
            </line>
            <line>
              <![CDATA[<tr>]]>
            </line>
            <line>
              <![CDATA[<td style='width: 20%']]>
            </line>
            <line>
              <![CDATA[<div > <a href=C:\Users\valentino.mancino\appium-eclipseWS\appiumtest/appiumScreens/02-03-2021_15-16-42-loginNuovoNumeroFlowe.png target="_blank"><img src='C:\Users\valentino.mancino\appium-eclipseWS\appiumtest/appiumScreens/02-03-2021_15-16-42-loginNuovoNumeroFlowe.png' height='100' width='100' /></a></div>]]>
            </line>
            <line>
              <![CDATA[<div><a href=C:\Users\valentino.mancino\appium-eclipseWS\appiumtest/appiumScreens/02-03-2021_15-16-42-loginNuovoNumeroFlowe.png target="_blank">click to open screenshot</a></div>]]>
            </line>
            <line>
              <![CDATA[</td>]]>
            </line>
            <line>
              <![CDATA[<td>loginNuovoNumeroFlowe]]>
            </line>
            <line>
              <![CDATA[</td>]]>
            </line>
            <line>
              <![CDATA[<td>Inserisco il numero di telefono: 1111110019]]>
            </line>
            <line>
              <![CDATA[</td>]]>
            </line>
            <line>
              <![CDATA[</tr>  ]]>
            </line>
            <line>
              <![CDATA[ </table>]]>
            </line>
            <line>
              <![CDATA[<br>]]>
            </line>
            <line>
              <![CDATA[<table style='width: 100%;'>]]>
            </line>
            <line>
              <![CDATA[<tr><th colspan="3">Step: Insert Passcode</th></tr>]]>
            </line>
            <line>
              <![CDATA[<tr>]]>
            </line>
            <line>
              <![CDATA[<td style='width: 20%']]>
            </line>
            <line>
              <![CDATA[<div > <a href=C:\Users\valentino.mancino\appium-eclipseWS\appiumtest/appiumScreens/02-03-2021_15-16-43-loginNuovoNumeroFlowe.png target="_blank"><img src='C:\Users\valentino.mancino\appium-eclipseWS\appiumtest/appiumScreens/02-03-2021_15-16-43-loginNuovoNumeroFlowe.png' height='100' width='100' /></a></div>]]>
            </line>
            <line>
              <![CDATA[<div><a href=C:\Users\valentino.mancino\appium-eclipseWS\appiumtest/appiumScreens/02-03-2021_15-16-43-loginNuovoNumeroFlowe.png target="_blank">click to open screenshot</a></div>]]>
            </line>
            <line>
              <![CDATA[</td>]]>
            </line>
            <line>
              <![CDATA[<td>loginNuovoNumeroFlowe]]>
            </line>
            <line>
              <![CDATA[</td>]]>
            </line>
            <line>
              <![CDATA[<td>inserisco il passcode: 00000]]>
            </line>
            <line>
              <![CDATA[</td>]]>
            </line>
            <line>
              <![CDATA[</tr>  ]]>
            </line>
            <line>
              <![CDATA[ </table>]]>
            </line>
            <line>
              <![CDATA[<br>]]>
            </line>
            <line>
              <![CDATA[<table style='width: 100%;'>]]>
            </line>
            <line>
              <![CDATA[<tr><th colspan="3">Step: Insert SMS code</th></tr>]]>
            </line>
            <line>
              <![CDATA[<tr>]]>
            </line>
            <line>
              <![CDATA[<td style='width: 20%']]>
            </line>
            <line>
              <![CDATA[<div > <a href=C:\Users\valentino.mancino\appium-eclipseWS\appiumtest/appiumScreens/02-03-2021_15-16-46-loginNuovoNumeroFlowe.png target="_blank"><img src='C:\Users\valentino.mancino\appium-eclipseWS\appiumtest/appiumScreens/02-03-2021_15-16-46-loginNuovoNumeroFlowe.png' height='100' width='100' /></a></div>]]>
            </line>
            <line>
              <![CDATA[<div><a href=C:\Users\valentino.mancino\appium-eclipseWS\appiumtest/appiumScreens/02-03-2021_15-16-46-loginNuovoNumeroFlowe.png target="_blank">click to open screenshot</a></div>]]>
            </line>
            <line>
              <![CDATA[</td>]]>
            </line>
            <line>
              <![CDATA[<td>loginNuovoNumeroFlowe]]>
            </line>
            <line>
              <![CDATA[</td>]]>
            </line>
            <line>
              <![CDATA[<td>inserisco il codice ricevuto via SMS: 123456]]>
            </line>
            <line>
              <![CDATA[</td>]]>
            </line>
            <line>
              <![CDATA[</tr>  ]]>
            </line>
            <line>
              <![CDATA[ </table>]]>
            </line>
            <line>
              <![CDATA[<br>]]>
            </line>
            <line>
              <![CDATA[<table style='width: 100%;'>]]>
            </line>
            <line>
              <![CDATA[<tr><th colspan="3">Step: FingerPrint</th></tr>]]>
            </line>
            <line>
              <![CDATA[<tr>]]>
            </line>
            <line>
              <![CDATA[<td style='width: 20%']]>
            </line>
            <line>
              <![CDATA[<div > <a href=C:\Users\valentino.mancino\appium-eclipseWS\appiumtest/appiumScreens/02-03-2021_15-16-49-loginNuovoNumeroFlowe.png target="_blank"><img src='C:\Users\valentino.mancino\appium-eclipseWS\appiumtest/appiumScreens/02-03-2021_15-16-49-loginNuovoNumeroFlowe.png' height='100' width='100' /></a></div>]]>
            </line>
            <line>
              <![CDATA[<div><a href=C:\Users\valentino.mancino\appium-eclipseWS\appiumtest/appiumScreens/02-03-2021_15-16-49-loginNuovoNumeroFlowe.png target="_blank">click to open screenshot</a></div>]]>
            </line>
            <line>
              <![CDATA[</td>]]>
            </line>
            <line>
              <![CDATA[<td>loginNuovoNumeroFlowe]]>
            </line>
            <line>
              <![CDATA[</td>]]>
            </line>
            <line>
              <![CDATA[<td>Skip Biometric]]>
            </line>
            <line>
              <![CDATA[</td>]]>
            </line>
            <line>
              <![CDATA[</tr>  ]]>
            </line>
            <line>
              <![CDATA[ </table>]]>
            </line>
            <line>
              <![CDATA[<br>]]>
            </line>
            <line>
              <![CDATA[<table style='width: 100%;'>]]>
            </line>
            <line>
              <![CDATA[<tr><th colspan="3">Step: Banner</th></tr>]]>
            </line>
            <line>
              <![CDATA[<tr>]]>
            </line>
            <line>
              <![CDATA[<td style='width: 20%']]>
            </line>
            <line>
              <![CDATA[<div > <a href=C:\Users\valentino.mancino\appium-eclipseWS\appiumtest/appiumScreens/02-03-2021_15-16-50-loginNuovoNumeroFlowe.png target="_blank"><img src='C:\Users\valentino.mancino\appium-eclipseWS\appiumtest/appiumScreens/02-03-2021_15-16-50-loginNuovoNumeroFlowe.png' height='100' width='100' /></a></div>]]>
            </line>
            <line>
              <![CDATA[<div><a href=C:\Users\valentino.mancino\appium-eclipseWS\appiumtest/appiumScreens/02-03-2021_15-16-50-loginNuovoNumeroFlowe.png target="_blank">click to open screenshot</a></div>]]>
            </line>
            <line>
              <![CDATA[</td>]]>
            </line>
            <line>
              <![CDATA[<td>loginNuovoNumeroFlowe]]>
            </line>
            <line>
              <![CDATA[</td>]]>
            </line>
            <line>
              <![CDATA[<td>Skip banner 1]]>
            </line>
            <line>
              <![CDATA[</td>]]>
            </line>
            <line>
              <![CDATA[</tr>  ]]>
            </line>
            <line>
              <![CDATA[ </table>]]>
            </line>
            <line>
              <![CDATA[<br>]]>
            </line>
            <line>
              <![CDATA[<table style='width: 100%;'>]]>
            </line>
            <line>
              <![CDATA[<tr><th colspan="3">Step: Banner</th></tr>]]>
            </line>
            <line>
              <![CDATA[<tr>]]>
            </line>
            <line>
              <![CDATA[<td style='width: 20%']]>
            </line>
            <line>
              <![CDATA[<div > <a href=C:\Users\valentino.mancino\appium-eclipseWS\appiumtest/appiumScreens/02-03-2021_15-16-51-loginNuovoNumeroFlowe.png target="_blank"><img src='C:\Users\valentino.mancino\appium-eclipseWS\appiumtest/appiumScreens/02-03-2021_15-16-51-loginNuovoNumeroFlowe.png' height='100' width='100' /></a></div>]]>
            </line>
            <line>
              <![CDATA[<div><a href=C:\Users\valentino.mancino\appium-eclipseWS\appiumtest/appiumScreens/02-03-2021_15-16-51-loginNuovoNumeroFlowe.png target="_blank">click to open screenshot</a></div>]]>
            </line>
            <line>
              <![CDATA[</td>]]>
            </line>
            <line>
              <![CDATA[<td>loginNuovoNumeroFlowe]]>
            </line>
            <line>
              <![CDATA[</td>]]>
            </line>
            <line>
              <![CDATA[<td>Skip banner 2]]>
            </line>
            <line>
              <![CDATA[</td>]]>
            </line>
            <line>
              <![CDATA[</tr>  ]]>
            </line>
            <line>
              <![CDATA[ </table>]]>
            </line>
            <line>
              <![CDATA[<br>]]>
            </line>
            <line>
              <![CDATA[<table style='width: 100%;'>]]>
            </line>
            <line>
              <![CDATA[<tr><th colspan="3">Step: Banner</th></tr>]]>
            </line>
            <line>
              <![CDATA[<tr>]]>
            </line>
            <line>
              <![CDATA[<td style='width: 20%']]>
            </line>
            <line>
              <![CDATA[<div > <a href=C:\Users\valentino.mancino\appium-eclipseWS\appiumtest/appiumScreens/02-03-2021_15-16-52-loginNuovoNumeroFlowe.png target="_blank"><img src='C:\Users\valentino.mancino\appium-eclipseWS\appiumtest/appiumScreens/02-03-2021_15-16-52-loginNuovoNumeroFlowe.png' height='100' width='100' /></a></div>]]>
            </line>
            <line>
              <![CDATA[<div><a href=C:\Users\valentino.mancino\appium-eclipseWS\appiumtest/appiumScreens/02-03-2021_15-16-52-loginNuovoNumeroFlowe.png target="_blank">click to open screenshot</a></div>]]>
            </line>
            <line>
              <![CDATA[</td>]]>
            </line>
            <line>
              <![CDATA[<td>loginNuovoNumeroFlowe]]>
            </line>
            <line>
              <![CDATA[</td>]]>
            </line>
            <line>
              <![CDATA[<td>Skip banner 3]]>
            </line>
            <line>
              <![CDATA[</td>]]>
            </line>
            <line>
              <![CDATA[</tr>  ]]>
            </line>
            <line>
              <![CDATA[ </table>]]>
            </line>
            <line>
              <![CDATA[<br>]]>
            </line>
            <line>
              <![CDATA[<table style='width: 100%;'>]]>
            </line>
            <line>
              <![CDATA[<tr><th colspan="3">Step: Money</th></tr>]]>
            </line>
            <line>
              <![CDATA[<tr>]]>
            </line>
            <line>
              <![CDATA[<td style='width: 20%']]>
            </line>
            <line>
              <![CDATA[<div > <a href=C:\Users\valentino.mancino\appium-eclipseWS\appiumtest/appiumScreens/02-03-2021_15-16-56-loginNuovoNumeroFlowe.png target="_blank"><img src='C:\Users\valentino.mancino\appium-eclipseWS\appiumtest/appiumScreens/02-03-2021_15-16-56-loginNuovoNumeroFlowe.png' height='100' width='100' /></a></div>]]>
            </line>
            <line>
              <![CDATA[<div><a href=C:\Users\valentino.mancino\appium-eclipseWS\appiumtest/appiumScreens/02-03-2021_15-16-56-loginNuovoNumeroFlowe.png target="_blank">click to open screenshot</a></div>]]>
            </line>
            <line>
              <![CDATA[</td>]]>
            </line>
            <line>
              <![CDATA[<td>loginNuovoNumeroFlowe]]>
            </line>
            <line>
              <![CDATA[</td>]]>
            </line>
            <line>
              <![CDATA[<td>money page (jump)]]>
            </line>
            <line>
              <![CDATA[</td>]]>
            </line>
            <line>
              <![CDATA[</tr>  ]]>
            </line>
            <line>
              <![CDATA[ </table>]]>
            </line>
            <line>
              <![CDATA[<br>]]>
            </line>
            <line>
              <![CDATA[<table style='width: 100%;'>]]>
            </line>
            <line>
              <![CDATA[<tr><th colspan="3">Step: Security Token Banner</th></tr>]]>
            </line>
            <line>
              <![CDATA[<tr>]]>
            </line>
            <line>
              <![CDATA[<td style='width: 20%']]>
            </line>
            <line>
              <![CDATA[<div > <a href=C:\Users\valentino.mancino\appium-eclipseWS\appiumtest/appiumScreens/02-03-2021_15-16-57-loginNuovoNumeroFlowe.png target="_blank"><img src='C:\Users\valentino.mancino\appium-eclipseWS\appiumtest/appiumScreens/02-03-2021_15-16-57-loginNuovoNumeroFlowe.png' height='100' width='100' /></a></div>]]>
            </line>
            <line>
              <![CDATA[<div><a href=C:\Users\valentino.mancino\appium-eclipseWS\appiumtest/appiumScreens/02-03-2021_15-16-57-loginNuovoNumeroFlowe.png target="_blank">click to open screenshot</a></div>]]>
            </line>
            <line>
              <![CDATA[</td>]]>
            </line>
            <line>
              <![CDATA[<td>loginNuovoNumeroFlowe]]>
            </line>
            <line>
              <![CDATA[</td>]]>
            </line>
            <line>
              <![CDATA[<td>Visualizzo il Dialog per il security token]]>
            </line>
            <line>
              <![CDATA[</td>]]>
            </line>
            <line>
              <![CDATA[</tr>  ]]>
            </line>
            <line>
              <![CDATA[ </table>]]>
            </line>
            <line>
              <![CDATA[<br>]]>
            </line>
            <line>
              <![CDATA[<table style='width: 100%;'>]]>
            </line>
            <line>
              <![CDATA[<tr><th colspan="3">Step: Security Token</th></tr>]]>
            </line>
            <line>
              <![CDATA[<tr>]]>
            </line>
            <line>
              <![CDATA[<td style='width: 20%']]>
            </line>
            <line>
              <![CDATA[<div > <a href=C:\Users\valentino.mancino\appium-eclipseWS\appiumtest/appiumScreens/02-03-2021_15-17-00-loginNuovoNumeroFlowe.png target="_blank"><img src='C:\Users\valentino.mancino\appium-eclipseWS\appiumtest/appiumScreens/02-03-2021_15-17-00-loginNuovoNumeroFlowe.png' height='100' width='100' /></a></div>]]>
            </line>
            <line>
              <![CDATA[<div><a href=C:\Users\valentino.mancino\appium-eclipseWS\appiumtest/appiumScreens/02-03-2021_15-17-00-loginNuovoNumeroFlowe.png target="_blank">click to open screenshot</a></div>]]>
            </line>
            <line>
              <![CDATA[</td>]]>
            </line>
            <line>
              <![CDATA[<td>loginNuovoNumeroFlowe]]>
            </line>
            <line>
              <![CDATA[</td>]]>
            </line>
            <line>
              <![CDATA[<td>Insert PassCode: 00000]]>
            </line>
            <line>
              <![CDATA[</td>]]>
            </line>
            <line>
              <![CDATA[</tr>  ]]>
            </line>
            <line>
              <![CDATA[ </table>]]>
            </line>
            <line>
              <![CDATA[<br>]]>
            </line>
            <line>
              <![CDATA[<table style='width: 100%;'>]]>
            </line>
            <line>
              <![CDATA[<tr><th colspan="3">Step: Security Token</th></tr>]]>
            </line>
            <line>
              <![CDATA[<tr>]]>
            </line>
            <line>
              <![CDATA[<td style='width: 20%']]>
            </line>
            <line>
              <![CDATA[<div > <a href=C:\Users\valentino.mancino\appium-eclipseWS\appiumtest/appiumScreens/02-03-2021_15-17-03-loginNuovoNumeroFlowe.png target="_blank"><img src='C:\Users\valentino.mancino\appium-eclipseWS\appiumtest/appiumScreens/02-03-2021_15-17-03-loginNuovoNumeroFlowe.png' height='100' width='100' /></a></div>]]>
            </line>
            <line>
              <![CDATA[<div><a href=C:\Users\valentino.mancino\appium-eclipseWS\appiumtest/appiumScreens/02-03-2021_15-17-03-loginNuovoNumeroFlowe.png target="_blank">click to open screenshot</a></div>]]>
            </line>
            <line>
              <![CDATA[</td>]]>
            </line>
            <line>
              <![CDATA[<td>loginNuovoNumeroFlowe]]>
            </line>
            <line>
              <![CDATA[</td>]]>
            </line>
            <line>
              <![CDATA[<td>Confirm Security token00000]]>
            </line>
            <line>
              <![CDATA[</td>]]>
            </line>
            <line>
              <![CDATA[</tr>  ]]>
            </line>
            <line>
              <![CDATA[ </table>]]>
            </line>
            <line>
              <![CDATA[<br>]]>
            </line>
            <line>
              <![CDATA[<table style='width: 100%;'>]]>
            </line>
            <line>
              <![CDATA[<tr><th colspan="3">Step: Security Token</th></tr>]]>
            </line>
            <line>
              <![CDATA[<tr>]]>
            </line>
            <line>
              <![CDATA[<td style='width: 20%']]>
            </line>
            <line>
              <![CDATA[<div > <a href=C:\Users\valentino.mancino\appium-eclipseWS\appiumtest/appiumScreens/02-03-2021_15-17-04-loginNuovoNumeroFlowe.png target="_blank"><img src='C:\Users\valentino.mancino\appium-eclipseWS\appiumtest/appiumScreens/02-03-2021_15-17-04-loginNuovoNumeroFlowe.png' height='100' width='100' /></a></div>]]>
            </line>
            <line>
              <![CDATA[<div><a href=C:\Users\valentino.mancino\appium-eclipseWS\appiumtest/appiumScreens/02-03-2021_15-17-04-loginNuovoNumeroFlowe.png target="_blank">click to open screenshot</a></div>]]>
            </line>
            <line>
              <![CDATA[</td>]]>
            </line>
            <line>
              <![CDATA[<td>loginNuovoNumeroFlowe]]>
            </line>
            <line>
              <![CDATA[</td>]]>
            </line>
            <line>
              <![CDATA[<td>Dialog Token Facile - OK]]>
            </line>
            <line>
              <![CDATA[</td>]]>
            </line>
            <line>
              <![CDATA[</tr>  ]]>
            </line>
            <line>
              <![CDATA[ </table>]]>
            </line>
            <line>
              <![CDATA[<br>]]>
            </line>
            <line>
              <![CDATA[<table style='width: 100%;'>]]>
            </line>
            <line>
              <![CDATA[<tr><th colspan="3">Step: Security Token</th></tr>]]>
            </line>
            <line>
              <![CDATA[<tr>]]>
            </line>
            <line>
              <![CDATA[<td style='width: 20%']]>
            </line>
            <line>
              <![CDATA[<div > <a href=C:\Users\valentino.mancino\appium-eclipseWS\appiumtest/appiumScreens/02-03-2021_15-17-07-loginNuovoNumeroFlowe.png target="_blank"><img src='C:\Users\valentino.mancino\appium-eclipseWS\appiumtest/appiumScreens/02-03-2021_15-17-07-loginNuovoNumeroFlowe.png' height='100' width='100' /></a></div>]]>
            </line>
            <line>
              <![CDATA[<div><a href=C:\Users\valentino.mancino\appium-eclipseWS\appiumtest/appiumScreens/02-03-2021_15-17-07-loginNuovoNumeroFlowe.png target="_blank">click to open screenshot</a></div>]]>
            </line>
            <line>
              <![CDATA[</td>]]>
            </line>
            <line>
              <![CDATA[<td>loginNuovoNumeroFlowe]]>
            </line>
            <line>
              <![CDATA[</td>]]>
            </line>
            <line>
              <![CDATA[<td>Confirm Security token00000]]>
            </line>
            <line>
              <![CDATA[</td>]]>
            </line>
            <line>
              <![CDATA[</tr>  ]]>
            </line>
            <line>
              <![CDATA[ </table>]]>
            </line>
            <line>
              <![CDATA[<br>]]>
            </line>
            <line>
              <![CDATA[<table style='width: 100%;'>]]>
            </line>
            <line>
              <![CDATA[<tr><th colspan="3">Step: Dialog FingerPrint</th></tr>]]>
            </line>
            <line>
              <![CDATA[<tr>]]>
            </line>
            <line>
              <![CDATA[<td style='width: 20%']]>
            </line>
            <line>
              <![CDATA[<div > <a href=C:\Users\valentino.mancino\appium-eclipseWS\appiumtest/appiumScreens/02-03-2021_15-17-13-loginNuovoNumeroFlowe.png target="_blank"><img src='C:\Users\valentino.mancino\appium-eclipseWS\appiumtest/appiumScreens/02-03-2021_15-17-13-loginNuovoNumeroFlowe.png' height='100' width='100' /></a></div>]]>
            </line>
            <line>
              <![CDATA[<div><a href=C:\Users\valentino.mancino\appium-eclipseWS\appiumtest/appiumScreens/02-03-2021_15-17-13-loginNuovoNumeroFlowe.png target="_blank">click to open screenshot</a></div>]]>
            </line>
            <line>
              <![CDATA[</td>]]>
            </line>
            <line>
              <![CDATA[<td>loginNuovoNumeroFlowe]]>
            </line>
            <line>
              <![CDATA[</td>]]>
            </line>
            <line>
              <![CDATA[<td>Skip Dialog FingerPrint]]>
            </line>
            <line>
              <![CDATA[</td>]]>
            </line>
            <line>
              <![CDATA[</tr>  ]]>
            </line>
            <line>
              <![CDATA[ </table>]]>
            </line>
            <line>
              <![CDATA[<br>]]>
            </line>
            <line>
              <![CDATA[<table style='width: 100%;'>]]>
            </line>
            <line>
              <![CDATA[<tr><th colspan="3">Step: Security Token</th></tr>]]>
            </line>
            <line>
              <![CDATA[<tr>]]>
            </line>
            <line>
              <![CDATA[<td style='width: 20%']]>
            </line>
            <line>
              <![CDATA[<div > <a href=C:\Users\valentino.mancino\appium-eclipseWS\appiumtest/appiumScreens/02-03-2021_15-17-16-loginNuovoNumeroFlowe.png target="_blank"><img src='C:\Users\valentino.mancino\appium-eclipseWS\appiumtest/appiumScreens/02-03-2021_15-17-16-loginNuovoNumeroFlowe.png' height='100' width='100' /></a></div>]]>
            </line>
            <line>
              <![CDATA[<div><a href=C:\Users\valentino.mancino\appium-eclipseWS\appiumtest/appiumScreens/02-03-2021_15-17-16-loginNuovoNumeroFlowe.png target="_blank">click to open screenshot</a></div>]]>
            </line>
            <line>
              <![CDATA[</td>]]>
            </line>
            <line>
              <![CDATA[<td>loginNuovoNumeroFlowe]]>
            </line>
            <line>
              <![CDATA[</td>]]>
            </line>
            <line>
              <![CDATA[<td>Security token settato pagina di Successo - ok]]>
            </line>
            <line>
              <![CDATA[</td>]]>
            </line>
            <line>
              <![CDATA[</tr>  ]]>
            </line>
            <line>
              <![CDATA[ </table>]]>
            </line>
            <line>
              <![CDATA[<br>]]>
            </line>
            <line>
              <![CDATA[<table style='width: 100%;'>]]>
            </line>
            <line>
              <![CDATA[<tr><th colspan="3">Test: null</th></tr>]]>
            </line>
            <line>
              <![CDATA[<tr>]]>
            </line>
            <line>
              <![CDATA[<td style='width: 20%']]>
            </line>
            <line>
              <![CDATA[<div > <a href=C:\Users\valentino.mancino\appium-eclipseWS\appiumtest/appiumScreens/02-03-2021_15-17-17-loginNuovoNumeroFlowe.png target="_blank"><img src='C:\Users\valentino.mancino\appium-eclipseWS\appiumtest/appiumScreens/02-03-2021_15-17-17-loginNuovoNumeroFlowe.png' height='100' width='100' /></a></div>]]>
            </line>
            <line>
              <![CDATA[<div><a href=C:\Users\valentino.mancino\appium-eclipseWS\appiumtest/appiumScreens/02-03-2021_15-17-17-loginNuovoNumeroFlowe.png target="_blank">click to open screenshot</a></div>]]>
            </line>
            <line>
              <![CDATA[</td>]]>
            </line>
            <line>
              <![CDATA[<td>loginNuovoNumeroFlowe]]>
            </line>
            <line>
              <![CDATA[</td>]]>
            </line>
            <line>
              <![CDATA[<td>prova]]>
            </line>
            <line>
              <![CDATA[</td>]]>
            </line>
            <line>
              <![CDATA[</tr>  ]]>
            </line>
            <line>
              <![CDATA[ </table>]]>
            </line>
            <line>
              <![CDATA[<br>]]>
            </line>
            <line>
              <![CDATA[onTestSuccess take screen]]>
            </line>
            <line>
              <![CDATA[Test feature.login.PrimoLogin completato in : 02/03/2021 15:17:16]]>
            </line>
          </reporter-output>
        </test-method> <!-- loginNuovoNumeroFlowe -->
        <test-method is-config="true" signature="afterSuite()[pri:0, instance:feature.login.PrimoLogin@5f8890c2]" started-at="2021-03-02T15:17:18 CET" name="afterSuite" finished-at="2021-03-02T15:17:20 CET" duration-ms="2230" status="PASS">
          <reporter-output>
          </reporter-output>
        </test-method> <!-- afterSuite -->
      </class> <!-- feature.login.PrimoLogin -->
    </test> <!-- test 2014 semiautomatico -->
  </suite> <!-- Login nuovo numero -->
  <suite started-at="2021-03-02T15:17:20 CET" name="Eseguo l&#039;accesso all&#039;app" finished-at="2021-03-02T15:17:45 CET" duration-ms="25437">
    <groups>
    </groups>
    <test started-at="2021-03-02T15:17:20 CET" name="test 2014 semiautomaticoIdTest01" finished-at="2021-03-02T15:17:45 CET" duration-ms="25437">
      <class name="feature.login.SoloLogin">
        <test-method is-config="true" signature="beforeSuite(java.lang.String)[pri:0, instance:feature.login.SoloLogin@790132f7]" started-at="2021-03-02T15:17:20 CET" name="beforeSuite" finished-at="2021-03-02T15:17:37 CET" duration-ms="16953" status="PASS">
          <params>
            <param index="0">
              <value>
                <![CDATA[IdTest02]]>
              </value>
            </param>
          </params>
          <reporter-output>
          </reporter-output>
        </test-method> <!-- beforeSuite -->
        <test-method signature="onlyLogin(java.lang.String)[pri:0, instance:feature.login.SoloLogin@790132f7]" started-at="2021-03-02T15:17:37 CET" name="onlyLogin" finished-at="2021-03-02T15:17:44 CET" duration-ms="7470" status="PASS">
          <params>
            <param index="0">
              <value>
                <![CDATA[IdTest02]]>
              </value>
            </param>
          </params>
          <reporter-output>
            <line>
              <![CDATA[<table style='width: 100%;'>]]>
            </line>
            <line>
              <![CDATA[<tr><th colspan="3">Step: Solo Login</th></tr>]]>
            </line>
            <line>
              <![CDATA[<tr>]]>
            </line>
            <line>
              <![CDATA[<td style='width: 20%']]>
            </line>
            <line>
              <![CDATA[<div > <a href=C:\Users\valentino.mancino\appium-eclipseWS\appiumtest/appiumScreens/02-03-2021_15-17-38-onlyLogin.png target="_blank"><img src='C:\Users\valentino.mancino\appium-eclipseWS\appiumtest/appiumScreens/02-03-2021_15-17-38-onlyLogin.png' height='100' width='100' /></a></div>]]>
            </line>
            <line>
              <![CDATA[<div><a href=C:\Users\valentino.mancino\appium-eclipseWS\appiumtest/appiumScreens/02-03-2021_15-17-38-onlyLogin.png target="_blank">click to open screenshot</a></div>]]>
            </line>
            <line>
              <![CDATA[</td>]]>
            </line>
            <line>
              <![CDATA[<td>onlyLogin]]>
            </line>
            <line>
              <![CDATA[</td>]]>
            </line>
            <line>
              <![CDATA[<td>Avvio l'applicazione]]>
            </line>
            <line>
              <![CDATA[</td>]]>
            </line>
            <line>
              <![CDATA[</tr>  ]]>
            </line>
            <line>
              <![CDATA[ </table>]]>
            </line>
            <line>
              <![CDATA[<br>]]>
            </line>
            <line>
              <![CDATA[<table style='width: 100%;'>]]>
            </line>
            <line>
              <![CDATA[<tr><th colspan="3">Step: Insert PassCode</th></tr>]]>
            </line>
            <line>
              <![CDATA[<tr>]]>
            </line>
            <line>
              <![CDATA[<td style='width: 20%']]>
            </line>
            <line>
              <![CDATA[<div > <a href=C:\Users\valentino.mancino\appium-eclipseWS\appiumtest/appiumScreens/02-03-2021_15-17-41-onlyLogin.png target="_blank"><img src='C:\Users\valentino.mancino\appium-eclipseWS\appiumtest/appiumScreens/02-03-2021_15-17-41-onlyLogin.png' height='100' width='100' /></a></div>]]>
            </line>
            <line>
              <![CDATA[<div><a href=C:\Users\valentino.mancino\appium-eclipseWS\appiumtest/appiumScreens/02-03-2021_15-17-41-onlyLogin.png target="_blank">click to open screenshot</a></div>]]>
            </line>
            <line>
              <![CDATA[</td>]]>
            </line>
            <line>
              <![CDATA[<td>onlyLogin]]>
            </line>
            <line>
              <![CDATA[</td>]]>
            </line>
            <line>
              <![CDATA[<td>Inserisco il passcode: 00000]]>
            </line>
            <line>
              <![CDATA[</td>]]>
            </line>
            <line>
              <![CDATA[</tr>  ]]>
            </line>
            <line>
              <![CDATA[ </table>]]>
            </line>
            <line>
              <![CDATA[<br>]]>
            </line>
            <line>
              <![CDATA[<table style='width: 100%;'>]]>
            </line>
            <line>
              <![CDATA[<tr><th colspan="3">Test: null</th></tr>]]>
            </line>
            <line>
              <![CDATA[<tr>]]>
            </line>
            <line>
              <![CDATA[<td style='width: 20%']]>
            </line>
            <line>
              <![CDATA[<div > <a href=C:\Users\valentino.mancino\appium-eclipseWS\appiumtest/appiumScreens/02-03-2021_15-17-45-onlyLogin.png target="_blank"><img src='C:\Users\valentino.mancino\appium-eclipseWS\appiumtest/appiumScreens/02-03-2021_15-17-45-onlyLogin.png' height='100' width='100' /></a></div>]]>
            </line>
            <line>
              <![CDATA[<div><a href=C:\Users\valentino.mancino\appium-eclipseWS\appiumtest/appiumScreens/02-03-2021_15-17-45-onlyLogin.png target="_blank">click to open screenshot</a></div>]]>
            </line>
            <line>
              <![CDATA[</td>]]>
            </line>
            <line>
              <![CDATA[<td>onlyLogin]]>
            </line>
            <line>
              <![CDATA[</td>]]>
            </line>
            <line>
              <![CDATA[<td>prova]]>
            </line>
            <line>
              <![CDATA[</td>]]>
            </line>
            <line>
              <![CDATA[</tr>  ]]>
            </line>
            <line>
              <![CDATA[ </table>]]>
            </line>
            <line>
              <![CDATA[<br>]]>
            </line>
            <line>
              <![CDATA[onTestSuccess take screen]]>
            </line>
            <line>
              <![CDATA[Test feature.login.SoloLogin completato in : 02/03/2021 15:17:44]]>
            </line>
          </reporter-output>
        </test-method> <!-- onlyLogin -->
        <test-method is-config="true" signature="afterSuite()[pri:0, instance:feature.login.SoloLogin@790132f7]" started-at="2021-03-02T15:17:45 CET" name="afterSuite" finished-at="2021-03-02T15:17:47 CET" duration-ms="1595" status="PASS">
          <reporter-output>
          </reporter-output>
        </test-method> <!-- afterSuite -->
      </class> <!-- feature.login.SoloLogin -->
    </test> <!-- test 2014 semiautomaticoIdTest01 -->
  </suite> <!-- Eseguo l'accesso all'app -->
</testng-results>
